c:\users\iulia\source\repos\magazinonline_rec_stoianiuliapetriana\magazinonline_rec_stoianiuliapetriana\debug\vc143.pdb
c:\users\iulia\source\repos\magazinonline_rec_stoianiuliapetriana\magazinonline_rec_stoianiuliapetriana\debug\vc143.idb
c:\users\iulia\source\repos\magazinonline_rec_stoianiuliapetriana\magazinonline_rec_stoianiuliapetriana\debug\comanda.nativecodeanalysis.sarif
c:\users\iulia\source\repos\magazinonline_rec_stoianiuliapetriana\magazinonline_rec_stoianiuliapetriana\debug\comanda.nativecodeanalysis.xml
c:\users\iulia\source\repos\magazinonline_rec_stoianiuliapetriana\magazinonline_rec_stoianiuliapetriana\debug\main.nativecodeanalysis.sarif
c:\users\iulia\source\repos\magazinonline_rec_stoianiuliapetriana\magazinonline_rec_stoianiuliapetriana\debug\main.nativecodeanalysis.xml
c:\users\iulia\source\repos\magazinonline_rec_stoianiuliapetriana\magazinonline_rec_stoianiuliapetriana\debug\produs.nativecodeanalysis.sarif
c:\users\iulia\source\repos\magazinonline_rec_stoianiuliapetriana\magazinonline_rec_stoianiuliapetriana\debug\produs.nativecodeanalysis.xml
c:\users\iulia\source\repos\magazinonline_rec_stoianiuliapetriana\magazinonline_rec_stoianiuliapetriana\debug\produsdigital.nativecodeanalysis.sarif
c:\users\iulia\source\repos\magazinonline_rec_stoianiuliapetriana\magazinonline_rec_stoianiuliapetriana\debug\produsdigital.nativecodeanalysis.xml
c:\users\iulia\source\repos\magazinonline_rec_stoianiuliapetriana\magazinonline_rec_stoianiuliapetriana\debug\produsfizic.nativecodeanalysis.sarif
c:\users\iulia\source\repos\magazinonline_rec_stoianiuliapetriana\magazinonline_rec_stoianiuliapetriana\debug\produsfizic.nativecodeanalysis.xml
c:\users\iulia\source\repos\magazinonline_rec_stoianiuliapetriana\magazinonline_rec_stoianiuliapetriana\debug\produsfizic.obj
c:\users\iulia\source\repos\magazinonline_rec_stoianiuliapetriana\magazinonline_rec_stoianiuliapetriana\debug\produsdigital.obj
c:\users\iulia\source\repos\magazinonline_rec_stoianiuliapetriana\magazinonline_rec_stoianiuliapetriana\debug\produs.obj
c:\users\iulia\source\repos\magazinonline_rec_stoianiuliapetriana\magazinonline_rec_stoianiuliapetriana\debug\main.obj
c:\users\iulia\source\repos\magazinonline_rec_stoianiuliapetriana\magazinonline_rec_stoianiuliapetriana\debug\comanda.obj
c:\users\iulia\source\repos\magazinonline_rec_stoianiuliapetriana\magazinonline_rec_stoianiuliapetriana\debug\magazinonline_rec_stoianiuliapetriana.ilk
c:\users\iulia\source\repos\magazinonline_rec_stoianiuliapetriana\debug\magazinonline_rec_stoianiuliapetriana.exe
c:\users\iulia\source\repos\magazinonline_rec_stoianiuliapetriana\debug\magazinonline_rec_stoianiuliapetriana.pdb
c:\users\iulia\source\repos\magazinonline_rec_stoianiuliapetriana\magazinonline_rec_stoianiuliapetriana\debug\vc.nativecodeanalysis.all.xml
c:\users\iulia\source\repos\magazinonline_rec_stoianiuliapetriana\magazinonline_rec_stoianiuliapetriana\debug\magazino.0e1c4b7f.tlog\cl.command.1.tlog
c:\users\iulia\source\repos\magazinonline_rec_stoianiuliapetriana\magazinonline_rec_stoianiuliapetriana\debug\magazino.0e1c4b7f.tlog\cl.items.tlog
c:\users\iulia\source\repos\magazinonline_rec_stoianiuliapetriana\magazinonline_rec_stoianiuliapetriana\debug\magazino.0e1c4b7f.tlog\cl.read.1.tlog
c:\users\iulia\source\repos\magazinonline_rec_stoianiuliapetriana\magazinonline_rec_stoianiuliapetriana\debug\magazino.0e1c4b7f.tlog\cl.write.1.tlog
c:\users\iulia\source\repos\magazinonline_rec_stoianiuliapetriana\magazinonline_rec_stoianiuliapetriana\debug\magazino.0e1c4b7f.tlog\link.command.1.tlog
c:\users\iulia\source\repos\magazinonline_rec_stoianiuliapetriana\magazinonline_rec_stoianiuliapetriana\debug\magazino.0e1c4b7f.tlog\link.read.1.tlog
c:\users\iulia\source\repos\magazinonline_rec_stoianiuliapetriana\magazinonline_rec_stoianiuliapetriana\debug\magazino.0e1c4b7f.tlog\link.write.1.tlog
