  Comanda.cpp
  Main.cpp
C:\Users\iulia\source\repos\MagazinOnline_REC_StoianIuliaPetriana\MagazinOnline_REC_StoianIuliaPetriana\Main.cpp(16,20): warning C4305: 'argument': truncation from 'double' to 'float'
C:\Users\iulia\source\repos\MagazinOnline_REC_StoianIuliaPetriana\MagazinOnline_REC_StoianIuliaPetriana\Main.cpp(35,16): warning C4930: 'Produs p3(void)': prototyped function not called (was a variable definition intended?)
C:\Users\iulia\source\repos\MagazinOnline_REC_StoianIuliaPetriana\MagazinOnline_REC_StoianIuliaPetriana\Main.cpp(71,27): warning C4101: 'message': unreferenced local variable
  Produs.cpp
  ProdusDigital.cpp
  ProdusFizic.cpp
  Running Code Analysis for C/C++...
  Generating Code...
  MagazinOnline_REC_StoianIuliaPetriana.vcxproj -> C:\Users\iulia\source\repos\MagazinOnline_REC_StoianIuliaPetriana\Debug\MagazinOnline_REC_StoianIuliaPetriana.exe
C:\Users\iulia\source\repos\MagazinOnline_REC_StoianIuliaPetriana\MagazinOnline_REC_StoianIuliaPetriana\Comanda.cpp(30): warning C6385: Reading invalid data from 'produse'.
C:\Users\iulia\source\repos\MagazinOnline_REC_StoianIuliaPetriana\MagazinOnline_REC_StoianIuliaPetriana\Comanda.cpp(27): warning C26495: Variable 'Comanda::indexProdusCurent' is uninitialized. Always initialize a member variable (type.6).
C:\Users\iulia\source\repos\MagazinOnline_REC_StoianIuliaPetriana\MagazinOnline_REC_StoianIuliaPetriana\Comanda.cpp(38): warning C6385: Reading invalid data from 'produse'.
C:\Users\iulia\source\repos\MagazinOnline_REC_StoianIuliaPetriana\MagazinOnline_REC_StoianIuliaPetriana\Comanda.cpp(34): warning C26495: Variable 'Comanda::indexProdusCurent' is uninitialized. Always initialize a member variable (type.6).
C:\Users\iulia\source\repos\MagazinOnline_REC_StoianIuliaPetriana\MagazinOnline_REC_StoianIuliaPetriana\Comanda.cpp(46): warning C6385: Reading invalid data from 'produse'.
C:\Users\iulia\source\repos\MagazinOnline_REC_StoianIuliaPetriana\MagazinOnline_REC_StoianIuliaPetriana\Comanda.cpp(58): warning C6385: Reading invalid data from 'produse'.
C:\Users\iulia\source\repos\MagazinOnline_REC_StoianIuliaPetriana\MagazinOnline_REC_StoianIuliaPetriana\Produs.cpp(61): warning C26495: Variable 'Produs::inStoc' is uninitialized. Always initialize a member variable (type.6).
C:\Users\iulia\source\repos\MagazinOnline_REC_StoianIuliaPetriana\MagazinOnline_REC_StoianIuliaPetriana\ProdusDigital.cpp(20): warning C26495: Variable 'ProdusDigital::dimensiuneGb' is uninitialized. Always initialize a member variable (type.6).
C:\Users\iulia\source\repos\MagazinOnline_REC_StoianIuliaPetriana\MagazinOnline_REC_StoianIuliaPetriana\ProdusFizic.cpp(30): warning C26495: Variable 'ProdusFizic::dimensiuni' is uninitialized. Always initialize a member variable (type.6).
